Charm++> No provisioning arguments specified. Running with a single PE.
         Use +auto-provision to fully subscribe resources or +p1 to silence this message.
Charm++: standalone mode (not using charmrun)
Charm++> Running in Multicore mode: 1 threads (PEs)
Charm++> Using recursive bisection (scheme 3) for topology aware partitions
Converse/Charm++ Commit ID: v6.10.2-0-g7bf00fa-namd-charm-6.10.2-build-2020-Aug-05-556
Warning> Randomization of virtual memory (ASLR) is turned on in the kernel, thread migration may not work! Run 'echo 0 > /proc/sys/kernel/randomize_va_space' as root to disable it, or try running with '+isomalloc_sync'.
CharmLB> Load balancer assumes all CPUs are same.
Charm++> Running on 1 hosts (1 sockets x 4 cores x 1 PUs = 4-way SMP)
Charm++> cpu topology info is gathered in 0.001 seconds.
Info: NAMD 2.14 for Linux-x86_64-multicore
Info: 
Info: Please visit http://www.ks.uiuc.edu/Research/namd/
Info: for updates, documentation, and support information.
Info: 
Info: Please cite Phillips et al., J. Chem. Phys. 153:044130 (2020) doi:10.1063/5.0014475
Info: in all publications reporting results obtained with NAMD.
Info: 
Info: Based on Charm++/Converse 61002 for multicore-linux-x86_64-iccstatic
Info: Built Mon Aug 24 10:08:36 CDT 2020 by jim on belfast.ks.uiuc.edu
Info: 1 NAMD  2.14  Linux-x86_64-multicore  1    pc6-02  convidat
Info: Running on 1 processors, 1 nodes, 1 physical nodes.
Info: CPU topology information available.
Info: Charm++/Converse parallel runtime startup completed at 0.00551276 s
CkLoopLib is used in SMP with simple dynamic scheduling (converse-level notification)
Info: 33.2969 MB of memory in use based on /proc/self/stat
Info: Configuration file is run0.namd
Info: Working in the current directory /home/samba/homes/convidat/Desktop/bionano-tutorial-files/6_current_dna
TCL: Suspending until startup complete.
Info: EXTENDED SYSTEM FILE   sample.xsc
Info: SIMULATION PARAMETERS:
Info: TIMESTEP               1
Info: NUMBER OF STEPS        1000
Info: STEPS PER CYCLE        20
Info: PERIODIC CELL BASIS 1  33.2024 19.167 0
Info: PERIODIC CELL BASIS 2  0 38.3342 0
Info: PERIODIC CELL BASIS 3  0 0 64.8282
Info: PERIODIC CELL CENTER   0 0 0
Info: WRAPPING ALL CLUSTERS AROUND PERIODIC BOUNDARIES ON OUTPUT.
Info: WRAPPING TO IMAGE NEAREST TO PERIODIC CELL CENTER.
Info: LOAD BALANCER  Centralized
Info: LOAD BALANCING STRATEGY  New Load Balancers -- DEFAULT
Info: LDB PERIOD             4000 steps
Info: FIRST LDB TIMESTEP     100
Info: LAST LDB TIMESTEP     -1
Info: LDB BACKGROUND SCALING 1
Info: HOM BACKGROUND SCALING 1
Info: PME BACKGROUND SCALING 1
Info: MIN ATOMS PER PATCH    40
Info: VELOCITY FILE          sample.vel
Info: CENTER OF MASS MOVING INITIALLY? NO
Info: DIELECTRIC             1
Info: EXCLUDE                SCALED ONE-FOUR
Info: 1-4 ELECTROSTATICS SCALED BY 1
Info: MODIFIED 1-4 VDW PARAMETERS WILL BE USED
Info: DCD FILENAME           run0.dcd
Info: DCD FREQUENCY          100
Info: DCD FIRST STEP         100
Info: DCD FILE WILL CONTAIN UNIT CELL DATA
Info: XST FILENAME           run0.xst
Info: XST FREQUENCY          100
Info: NO VELOCITY DCD OUTPUT
Info: NO FORCE DCD OUTPUT
Info: OUTPUT FILENAME        run0
Info: BINARY OUTPUT FILES WILL BE USED
Info: RESTART FILENAME       run0.restart
Info: RESTART FREQUENCY      100
Info: BINARY RESTART FILES WILL BE USED
Info: SWITCHING ACTIVE
Info: SWITCHING ON           10
Info: SWITCHING OFF          12
Info: PAIRLIST DISTANCE      14
Info: PAIRLIST SHRINK RATE   0.01
Info: PAIRLIST GROW RATE     0.01
Info: PAIRLIST TRIGGER       0.3
Info: PAIRLISTS PER CYCLE    2
Info: PAIRLISTS ENABLED
Info: MARGIN                 3
Info: HYDROGEN GROUP CUTOFF  2.5
Info: PATCH DIMENSION        19.5
Info: ENERGY OUTPUT STEPS    100
Info: CROSSTERM ENERGY INCLUDED IN DIHEDRAL
Info: TIMING OUTPUT STEPS    100
Info: HARMONIC CONSTRAINTS ACTIVE
Info: HARMONIC CONS EXP      2
Info: ELECTRIC FIELD ACTIVE
Info: E-FIELD VECTOR         (0, 0, 0.7114)
Info: E-FIELD FREQUENCY IS (1/ps) 0
Info: E-FIELD PHASE IS     (deg)  0
Info: LANGEVIN DYNAMICS ACTIVE
Info: LANGEVIN TEMPERATURE   295
Info: LANGEVIN USING BBK INTEGRATOR
Info: LANGEVIN DAMPING COEFFICIENTS DETERMINED FROM FILES
Info: LANGEVIN DAMPING FILE:  sample1.0.pdb
Info: LANGEVIN DAMPING COLUMN:  B
Info: PARTICLE MESH EWALD (PME) ACTIVE
Info: PME TOLERANCE               1e-06
Info: PME EWALD COEFFICIENT       0.257952
Info: PME INTERPOLATION ORDER     4
Info: PME GRID DIMENSIONS         48 48 64
Info: PME MAXIMUM GRID SPACING    1.5
Info: Attempting to read FFTW data from FFTW_NAMD_2.14_Linux-x86_64-multicore.txt
Info: Optimizing 6 FFT steps.  1... 2... 3... 4... 5... 6...   Done.
Info: Writing FFTW data to FFTW_NAMD_2.14_Linux-x86_64-multicore.txt
Info: FULL ELECTROSTATIC EVALUATION FREQUENCY      4
Info: USING VERLET I (r-RESPA) MTS SCHEME.
Info: C1 SPLITTING OF LONG RANGE ELECTROSTATICS
Info: PLACING ATOMS IN PATCHES BY HYDROGEN GROUPS
Info: NONBONDED FORCES EVALUATED EVERY 2 STEPS
Info: RANDOM NUMBER SEED     1717702601
Info: USE HYDROGEN BONDS?    NO
Info: COORDINATE PDB         sample.pdb
Info: STRUCTURE FILE         sample.psf
Info: PARAMETER file: CHARMM format! 
Info: PARAMETERS             cornell.prm
Info: PARAMETERS             par_silicon_ions_NEW5.inp
Info: USING ARITHMETIC MEAN TO COMBINE L-J SIGMA PARAMETERS
Info: BINARY COORDINATES     sample.coor
Info: SUMMARY OF PARAMETERS:
Info: 96 BONDS
Info: 229 ANGLES
Info: 81 DIHEDRAL
Info: 31 IMPROPER
Info: 0 CROSSTERM
Info: 62 VDW
Info: 0 VDW_PAIRS
Info: 0 NBTHOLE_PAIRS
Warning: VDW TYPE NAME NS MATCHES PARAMETER TYPE NAME N*
Warning: VDW TYPE NAME NB MATCHES PARAMETER TYPE NAME N*
Warning: VDW TYPE NAME N2 MATCHES PARAMETER TYPE NAME N*
Warning: VDW TYPE NAME NC MATCHES PARAMETER TYPE NAME N*
Warning: VDW TYPE NAME NA MATCHES PARAMETER TYPE NAME N*
Info: TIME FOR READING PSF FILE: 0.0332503
Info: Reading pdb file sample.pdb
Info: TIME FOR READING PDB FILE: 0.00946517
Info: 
Info: ****************************
Info: STRUCTURE SUMMARY:
Info: 7832 ATOMS
Info: 6869 BONDS
Info: 8994 ANGLES
Info: 732 DIHEDRALS
Info: 45 IMPROPERS
Info: 0 CROSSTERMS
Info: 0 EXCLUSIONS
Info: 1758 CONSTRAINTS
Info: 23496 DEGREES OF FREEDOM
Info: 3963 HYDROGEN GROUPS
Info: 4 ATOMS IN LARGEST HYDROGEN GROUP
Info: 3963 MIGRATION GROUPS
Info: 4 ATOMS IN LARGEST MIGRATION GROUP
Info: TOTAL MASS = 77297.6 amu
Info: TOTAL CHARGE = -0.000154442 e
Info: MASS DENSITY = 1.55563 g/cm^3
Info: ATOM DENSITY = 0.0949189 atoms/A^3
Info: *****************************
Info: Reading from binary file sample.coor
Info: 
Info: Entering startup at 0.0766638 s, 53.0156 MB of memory in use
Info: Startup phase 0 took 7.0237e-05 s, 53.0156 MB of memory in use
Info: ADDED 29652 IMPLICIT EXCLUSIONS
Info: Startup phase 1 took 0.00473584 s, 54.5703 MB of memory in use
Info: NONBONDED TABLE R-SQUARED SPACING: 0.0625
Info: NONBONDED TABLE SIZE: 769 POINTS
Info: ABSOLUTE IMPRECISION IN FAST TABLE FORCE: 2.64698e-23 AT 11.9138
Info: RELATIVE IMPRECISION IN FAST TABLE FORCE: 1.40436e-16 AT 11.9138
Info: INCONSISTENCY IN FAST TABLE ENERGY VS FORCE: 0.000325096 AT 11.9556
Info: ABSOLUTE IMPRECISION IN SCOR TABLE FORCE: 4.10282e-22 AT 11.9138
Info: RELATIVE IMPRECISION IN SCOR TABLE FORCE: 3.56912e-15 AT 11.9138
Info: INCONSISTENCY IN SCOR TABLE ENERGY VS FORCE: 0.000324844 AT 11.9556
Info: ABSOLUTE IMPRECISION IN VDWA TABLE ENERGY: 9.86076e-32 AT 11.8295
Info: RELATIVE IMPRECISION IN VDWA TABLE ENERGY: 6.75473e-14 AT 11.9138
Info: ABSOLUTE IMPRECISION IN VDWA TABLE FORCE: 4.62223e-32 AT 11.9138
Info: RELATIVE IMPRECISION IN VDWA TABLE FORCE: 2.12237e-15 AT 11.9138
Info: INCONSISTENCY IN VDWA TABLE ENERGY VS FORCE: 0.0040507 AT 0.251946
Info: ABSOLUTE IMPRECISION IN VDWB TABLE ENERGY: 4.1359e-25 AT 11.8295
Info: RELATIVE IMPRECISION IN VDWB TABLE ENERGY: 7.56853e-15 AT 11.9138
Info: ABSOLUTE IMPRECISION IN VDWB TABLE FORCE: 3.87741e-26 AT 11.9138
Info: RELATIVE IMPRECISION IN VDWB TABLE FORCE: 5.97409e-16 AT 11.9138
Info: INCONSISTENCY IN VDWB TABLE ENERGY VS FORCE: 0.00150189 AT 0.251946
Info: Startup phase 2 took 0.000783941 s, 54.9297 MB of memory in use
Info: Startup phase 3 took 6.6633e-05 s, 54.9297 MB of memory in use
Info: Startup phase 4 took 0.000101407 s, 54.9297 MB of memory in use
Info: Startup phase 5 took 8.3627e-05 s, 54.9297 MB of memory in use
Info: PATCH GRID IS 1 (PERIODIC) BY 1 (PERIODIC) BY 3 (PERIODIC)
Info: PATCH GRID IS 1-AWAY BY 1-AWAY BY 1-AWAY
Info: Reading from binary file sample.vel
Info: REMOVING COM VELOCITY 0.0334506 0.076552 -0.0372347
Info: LARGEST PATCH (0) HAS 2801 ATOMS
Info: TORUS A SIZE 1 USING 0
Info: TORUS B SIZE 1 USING 0
Info: TORUS C SIZE 1 USING 0
Info: TORUS MINIMAL MESH SIZE IS 1 BY 1 BY 1
Info: Placed 100% of base nodes on same physical node as patch
Info: Startup phase 6 took 0.00178181 s, 56.6211 MB of memory in use
Info: PME using 1 and 1 processors for FFT and reciprocal sum.
Info: PME GRID LOCATIONS: 0
Info: PME TRANS LOCATIONS: 0
Info: PME USING 1 GRID NODES AND 1 TRANS NODES
Info: Optimizing 4 FFT steps.  1... 2... 3... 4...   Done.
Info: Startup phase 7 took 0.000652857 s, 57.1992 MB of memory in use
Info: Startup phase 8 took 7.7616e-05 s, 57.1992 MB of memory in use
Info: Startup phase 9 took 7.3636e-05 s, 57.1992 MB of memory in use
Info: Startup phase 10 took 7.2294e-05 s, 57.1992 MB of memory in use
Info: Startup phase 11 took 9.7903e-05 s, 57.1992 MB of memory in use
LDB: Central LB being created...
Info: Startup phase 12 took 9.736e-05 s, 57.1992 MB of memory in use
Info: CREATING 71 COMPUTE OBJECTS
Info: Startup phase 13 took 0.00022057 s, 57.1992 MB of memory in use
Info: Startup phase 14 took 6.5823e-05 s, 57.1992 MB of memory in use
Info: Startup phase 15 took 4.6652e-05 s, 57.1992 MB of memory in use
Info: Finished startup at 0.085692 s, 57.1992 MB of memory in use

ETITLE:      TS           BOND          ANGLE          DIHED          IMPRP               ELECT            VDW       BOUNDARY           MISC        KINETIC               TOTAL           TEMP      POTENTIAL         TOTAL3        TEMPAVG            PRESSURE      GPRESSURE         VOLUME       PRESSAVG      GPRESSAVG

ENERGY:       0      2629.6381       964.6770       149.9487         2.8053        -247574.1216      5353.0355      1044.3590       -62.2185      6856.9969        -230634.8795       293.7179   -237491.8765   -230532.6511       293.7179           2730.5105       294.1490     82512.5189      2730.5105       294.1490

OPENING EXTENDED SYSTEM TRAJECTORY FILE
LDB: ============= START OF LOAD BALANCING ============== 0.687965
LDB: ============== END OF LOAD BALANCING =============== 0.688074
LDB: =============== DONE WITH MIGRATION ================ 0.688172
LDB: ============= START OF LOAD BALANCING ============== 2.93255
LDB: ============== END OF LOAD BALANCING =============== 2.9326
LDB: =============== DONE WITH MIGRATION ================ 2.93281
Info: Initial time: 1 CPUs 0.0282673 s/step 0.327168 days/ns 75.1875 MB memory
TIMING: 100  CPU: 2.95657, 0.0282797/step  Wall: 2.95636, 0.0282731/step, 0.00706829 hours remaining, 75.187500 MB of memory in use.
ENERGY:     100      2658.1665       975.3254       133.9536         4.1766        -247443.3345      5296.2394       988.1571       -80.8950      6768.7204        -230699.4904       289.9366   -237468.2108   -230594.3736       291.3008           2014.1943      -384.9169     82512.5189        -5.5814        -4.5131

WRITING EXTENDED SYSTEM TO RESTART FILE AT STEP 100
OPENING COORDINATE DCD FILE
WRITING COORDINATES TO DCD FILE run0.dcd AT STEP 100
WRITING COORDINATES TO RESTART FILE AT STEP 100
FINISHED WRITING RESTART COORDINATES
The last position output (seq=100) takes 0.002 seconds, 75.367 MB of memory in use
WRITING VELOCITIES TO RESTART FILE AT STEP 100
FINISHED WRITING RESTART VELOCITIES
The last velocity output (seq=100) takes 0.000 seconds, 75.367 MB of memory in use
LDB: ============= START OF LOAD BALANCING ============== 3.49062
LDB: ============== END OF LOAD BALANCING =============== 3.49068
LDB: =============== DONE WITH MIGRATION ================ 3.49076
LDB: ============= START OF LOAD BALANCING ============== 5.68053
LDB: ============== END OF LOAD BALANCING =============== 5.68059
LDB: =============== DONE WITH MIGRATION ================ 5.68076
Info: Initial time: 1 CPUs 0.0274457 s/step 0.317659 days/ns 75.9297 MB memory
TIMING: 200  CPU: 5.70149, 0.0274493/step  Wall: 5.70141, 0.0274504/step, 0.0061001 hours remaining, 75.929688 MB of memory in use.
ENERGY:     200      2659.6345       960.1781       138.4885         4.0980        -247415.2978      5258.5504      1011.0345       -79.7690      6785.5439        -230677.5390       290.6572   -237463.0829   -230574.1633       290.6992           1511.4037      -816.0868     82512.5189      -423.7665      -419.1709

WRITING EXTENDED SYSTEM TO RESTART FILE AT STEP 200
WRITING COORDINATES TO DCD FILE run0.dcd AT STEP 200
WRITING COORDINATES TO RESTART FILE AT STEP 200
FINISHED WRITING RESTART COORDINATES
The last position output (seq=200) takes 0.001 seconds, 75.930 MB of memory in use
WRITING VELOCITIES TO RESTART FILE AT STEP 200
FINISHED WRITING RESTART VELOCITIES
The last velocity output (seq=200) takes 0.000 seconds, 75.930 MB of memory in use
LDB: ============= START OF LOAD BALANCING ============== 8.41898
LDB: ============== END OF LOAD BALANCING =============== 8.41904
LDB: =============== DONE WITH MIGRATION ================ 8.41922
Info: Initial time: 1 CPUs 0.0273822 s/step 0.316923 days/ns 76.3477 MB memory
TIMING: 300  CPU: 8.44009, 0.027386/step  Wall: 8.43996, 0.0273856/step, 0.00532497 hours remaining, 76.347656 MB of memory in use.
ENERGY:     300      2654.8435       921.1122       139.7472         3.3685        -247502.9159      5331.5705      1016.3356       -82.0127      6846.3266        -230671.6244       293.2608   -237517.9510   -230572.2897       291.5739           2732.0989      -101.5852     82512.5189         9.7080         7.5961

WRITING EXTENDED SYSTEM TO RESTART FILE AT STEP 300
WRITING COORDINATES TO DCD FILE run0.dcd AT STEP 300
WRITING COORDINATES TO RESTART FILE AT STEP 300
FINISHED WRITING RESTART COORDINATES
The last position output (seq=300) takes 0.001 seconds, 76.348 MB of memory in use
WRITING VELOCITIES TO RESTART FILE AT STEP 300
FINISHED WRITING RESTART VELOCITIES
The last velocity output (seq=300) takes 0.000 seconds, 76.348 MB of memory in use
LDB: ============= START OF LOAD BALANCING ============== 11.1407
LDB: ============== END OF LOAD BALANCING =============== 11.1408
LDB: =============== DONE WITH MIGRATION ================ 11.1414
Info: Benchmark time: 1 CPUs 0.0272285 s/step 0.315145 days/ns 76.3477 MB memory
TIMING: 400  CPU: 11.1634, 0.0272334/step  Wall: 11.1636, 0.0272365/step, 0.00453942 hours remaining, 76.347656 MB of memory in use.
ENERGY:     400      2642.1110       936.4271       140.7338         2.1221        -247469.5110      5354.9577      1005.9245       -97.1551      6858.5563        -230625.8336       293.7847   -237484.3899   -230528.7085       291.6488           2365.2820      -267.9558     82512.5189      -506.3835      -511.0376

WRITING EXTENDED SYSTEM TO RESTART FILE AT STEP 400
WRITING COORDINATES TO DCD FILE run0.dcd AT STEP 400
WRITING COORDINATES TO RESTART FILE AT STEP 400
FINISHED WRITING RESTART COORDINATES
The last position output (seq=400) takes 0.001 seconds, 76.348 MB of memory in use
WRITING VELOCITIES TO RESTART FILE AT STEP 400
FINISHED WRITING RESTART VELOCITIES
The last velocity output (seq=400) takes 0.000 seconds, 76.348 MB of memory in use
Info: Benchmark time: 1 CPUs 0.0270227 s/step 0.312763 days/ns 76.3477 MB memory
TIMING: 500  CPU: 13.866, 0.0270253/step  Wall: 13.866, 0.0270235/step, 0.00375326 hours remaining, 76.347656 MB of memory in use.
ENERGY:     500      2666.5667       961.9198       148.8824         4.5904        -247483.1325      5347.7156      1013.6936       -97.5740      6834.9397        -230602.3984       292.7731   -237437.3381   -230502.4150       293.1698           1944.9210      -410.5602     82512.5189      -321.3503      -318.7283

WRITING EXTENDED SYSTEM TO RESTART FILE AT STEP 500
WRITING COORDINATES TO DCD FILE run0.dcd AT STEP 500
WRITING COORDINATES TO RESTART FILE AT STEP 500
FINISHED WRITING RESTART COORDINATES
The last position output (seq=500) takes 0.001 seconds, 76.348 MB of memory in use
WRITING VELOCITIES TO RESTART FILE AT STEP 500
FINISHED WRITING RESTART VELOCITIES
The last velocity output (seq=500) takes 0.000 seconds, 76.348 MB of memory in use
Info: Benchmark time: 1 CPUs 0.0269514 s/step 0.311937 days/ns 76.3477 MB memory
TIMING: 600  CPU: 16.5612, 0.0269528/step  Wall: 16.5612, 0.0269521/step, 0.00299468 hours remaining, 76.347656 MB of memory in use.
ENERGY:     600      2652.9349       980.1641       147.1518         4.3249        -247526.7531      5318.7352      1017.8065      -109.7903      6886.7446        -230628.6814       294.9921   -237515.4260   -230523.7260       295.1623           1990.0425      -290.6262     82512.5189      -258.5059      -254.7869

WRITING EXTENDED SYSTEM TO RESTART FILE AT STEP 600
WRITING COORDINATES TO DCD FILE run0.dcd AT STEP 600
WRITING COORDINATES TO RESTART FILE AT STEP 600
FINISHED WRITING RESTART COORDINATES
The last position output (seq=600) takes 0.001 seconds, 76.348 MB of memory in use
WRITING VELOCITIES TO RESTART FILE AT STEP 600
FINISHED WRITING RESTART VELOCITIES
Info: Benchmark time: 1 CPUs 0.0270487 s/step 0.313064 days/ns 76.3477 MB memory
TIMING: 700  CPU: 19.2662, 0.0270496/step  Wall: 19.2661, 0.0270495/step, 0.00225412 hours remaining, 76.347656 MB of memory in use.
ENERGY:     700      2678.0374       953.7647       143.3967         4.5057        -247513.9015      5331.0731      1021.4616      -104.0532      6874.6840        -230611.0316       294.4755   -237485.7157   -230511.3090       292.9379           2254.2729      -213.6365     82512.5189      -168.2299      -163.0432

WRITING EXTENDED SYSTEM TO RESTART FILE AT STEP 700
WRITING COORDINATES TO DCD FILE run0.dcd AT STEP 700
WRITING COORDINATES TO RESTART FILE AT STEP 700
FINISHED WRITING RESTART COORDINATES
The last position output (seq=700) takes 0.001 seconds, 76.348 MB of memory in use
WRITING VELOCITIES TO RESTART FILE AT STEP 700
FINISHED WRITING RESTART VELOCITIES
Info: Benchmark time: 1 CPUs 0.0269628 s/step 0.31207 days/ns 76.3477 MB memory
TIMING: 800  CPU: 21.9624, 0.0269617/step  Wall: 21.9625, 0.0269636/step, 0.00149798 hours remaining, 76.347656 MB of memory in use.
ENERGY:     800      2616.3383       982.7569       143.6937         4.1251        -247529.0691      5401.4324      1020.3685      -109.2572      6846.0285        -230623.5829       293.2481   -237469.6114   -230527.3844       294.2773           2968.1508        84.4316     82512.5189      -305.5759      -309.6352

WRITING EXTENDED SYSTEM TO RESTART FILE AT STEP 800
WRITING COORDINATES TO DCD FILE run0.dcd AT STEP 800
WRITING COORDINATES TO RESTART FILE AT STEP 800
FINISHED WRITING RESTART COORDINATES
The last position output (seq=800) takes 0.001 seconds, 76.348 MB of memory in use
WRITING VELOCITIES TO RESTART FILE AT STEP 800
FINISHED WRITING RESTART VELOCITIES
Info: Benchmark time: 1 CPUs 0.026987 s/step 0.31235 days/ns 76.3477 MB memory
TIMING: 900  CPU: 24.6608, 0.0269842/step  Wall: 24.6613, 0.0269878/step, 0.000749661 hours remaining, 76.347656 MB of memory in use.
ENERGY:     900      2643.8029       921.8652       139.3551         5.4667        -247514.2281      5359.0175      1053.1195      -114.3174      6905.2037        -230600.7150       295.7828   -237505.9187   -230504.6837       295.3514           2478.2247      -528.0944     82512.5189      -461.1943      -470.8915

WRITING EXTENDED SYSTEM TO RESTART FILE AT STEP 900
WRITING COORDINATES TO DCD FILE run0.dcd AT STEP 900
WRITING COORDINATES TO RESTART FILE AT STEP 900
FINISHED WRITING RESTART COORDINATES
The last position output (seq=900) takes 0.001 seconds, 76.348 MB of memory in use
WRITING VELOCITIES TO RESTART FILE AT STEP 900
FINISHED WRITING RESTART VELOCITIES
TIMING: 1000  CPU: 27.344, 0.0268318/step  Wall: 27.3454, 0.0268414/step, 0 hours remaining, 76.347656 MB of memory in use.
ETITLE:      TS           BOND          ANGLE          DIHED          IMPRP               ELECT            VDW       BOUNDARY           MISC        KINETIC               TOTAL           TEMP      POTENTIAL         TOTAL3        TEMPAVG            PRESSURE      GPRESSURE         VOLUME       PRESSAVG      GPRESSAVG

ENERGY:    1000      2614.8091       929.4580       140.6878         3.2429        -247599.0431      5525.6402      1039.8412      -121.0077      6795.0930        -230671.2787       291.0663   -237466.3717   -230569.1265       293.8215           3415.1321       971.6310     82512.5189       342.5511       341.8054

WRITING EXTENDED SYSTEM TO RESTART FILE AT STEP 1000
WRITING COORDINATES TO DCD FILE run0.dcd AT STEP 1000
WRITING COORDINATES TO RESTART FILE AT STEP 1000
FINISHED WRITING RESTART COORDINATES
The last position output (seq=1000) takes 0.001 seconds, 76.348 MB of memory in use
WRITING VELOCITIES TO RESTART FILE AT STEP 1000
FINISHED WRITING RESTART VELOCITIES
WRITING EXTENDED SYSTEM TO OUTPUT FILE AT STEP 1000
CLOSING EXTENDED SYSTEM TRAJECTORY FILE
WRITING COORDINATES TO OUTPUT FILE AT STEP 1000
CLOSING COORDINATE DCD FILE run0.dcd
WRITING VELOCITIES TO OUTPUT FILE AT STEP 1000
====================================================

WallClock: 27.460985  CPUTime: 27.431114  Memory: 76.347656 MB
[Partition 0][Node 0] End of program
