Info: NAMD 2.6 for Linux-amd64
Info: 
Info: Please visit http://www.ks.uiuc.edu/Research/namd/
Info: and send feedback or bug reports to namd@ks.uiuc.edu
Info: 
Info: Please cite Phillips et al., J. Comp. Chem. 26:1781-1802 (2005)
Info: in all publications reporting results obtained with NAMD.
Info: 
Info: Based on Charm++/Converse 50900 for net-linux-amd64-iccstatic
Info: Built Wed Aug 30 12:54:51 CDT 2006 by jim on belfast.ks.uiuc.edu
Info: 1 NAMD  2.6  Linux-amd64  1    tashkent.ks.uiuc.edu  jcomer
Info: Running on 1 processors.
Info: 7604 kB of memory in use.
Info: Memory usage based on mallinfo
Info: Configuration file is eq1.namd
TCL: Suspending until startup complete.
Info: SIMULATION PARAMETERS:
Info: TIMESTEP               1
Info: NUMBER OF STEPS        500
Info: STEPS PER CYCLE        20
Info: PERIODIC CELL BASIS 1  34.1775 19.7324 0
Info: PERIODIC CELL BASIS 2  0 39.4648 0
Info: PERIODIC CELL BASIS 3  0 0 17.412
Info: PERIODIC CELL CENTER   0 0 0
Info: WRAPPING ALL CLUSTERS AROUND PERIODIC BOUNDARIES ON OUTPUT.
Info: WRAPPING TO IMAGE NEAREST TO PERIODIC CELL CENTER.
Info: LOAD BALANCE STRATEGY  Other
Info: LDB PERIOD             4000 steps
Info: FIRST LDB TIMESTEP     100
Info: LDB BACKGROUND SCALING 1
Info: HOM BACKGROUND SCALING 1
Info: PME BACKGROUND SCALING 1
Info: MAX SELF PARTITIONS    50
Info: MAX PAIR PARTITIONS    20
Info: SELF PARTITION ATOMS   125
Info: PAIR PARTITION ATOMS   200
Info: PAIR2 PARTITION ATOMS  400
Info: MIN ATOMS PER PATCH    100
Info: INITIAL TEMPERATURE    0
Info: CENTER OF MASS MOVING INITIALLY? NO
Info: DIELECTRIC             1
Info: EXCLUDE                SCALED ONE-FOUR
Info: 1-4 SCALE FACTOR       1
Info: DCD FILENAME           eq1.dcd
Info: DCD FREQUENCY          100
Info: DCD FIRST STEP         100
Info: DCD FILE WILL CONTAIN UNIT CELL DATA
Info: XST FILENAME           eq1.xst
Info: XST FREQUENCY          100
Info: NO VELOCITY DCD OUTPUT
Info: OUTPUT FILENAME        eq1
Info: BINARY OUTPUT FILES WILL BE USED
Info: RESTART FILENAME       eq1.restart
Info: RESTART FREQUENCY      100
Info: BINARY RESTART FILES WILL BE USED
Info: SWITCHING ACTIVE
Info: SWITCHING ON           10
Info: SWITCHING OFF          12
Info: PAIRLIST DISTANCE      14
Info: PAIRLIST SHRINK RATE   0.01
Info: PAIRLIST GROW RATE     0.01
Info: PAIRLIST TRIGGER       0.3
Info: PAIRLISTS PER CYCLE    2
Info: PAIRLISTS ENABLED
Info: MARGIN                 3
Info: HYDROGEN GROUP CUTOFF  2.5
Info: PATCH DIMENSION        19.5
Info: ENERGY OUTPUT STEPS    100
Info: CROSSTERM ENERGY INCLUDED IN DIHEDRAL
Info: TIMING OUTPUT STEPS    100
Info: HARMONIC CONSTRAINTS ACTIVE
Info: HARMONIC CONS EXP      2
Info: VELOCITY REASSIGNMENT FREQ  1
Info: VELOCITY REASSIGNMENT TEMP  0
Info: VELOCITY REASSIGNMENT INCR  1
Info: VELOCITY REASSIGNMENT HOLD  295
Info: PARTICLE MESH EWALD (PME) ACTIVE
Info: PME TOLERANCE               1e-06
Info: PME EWALD COEFFICIENT       0.257952
Info: PME INTERPOLATION ORDER     4
Info: PME GRID DIMENSIONS         48 48 128
Info: PME MAXIMUM GRID SPACING    1.5
Info: Attempting to read FFTW data from FFTW_NAMD_2.6_Linux-amd64.txt
Info: Optimizing 6 FFT steps.  1... 2... 3... 4... 5... 6...   Done.
Info: Writing FFTW data to FFTW_NAMD_2.6_Linux-amd64.txt
Info: FULL ELECTROSTATIC EVALUATION FREQUENCY      4
Info: USING VERLET I (r-RESPA) MTS SCHEME.
Info: C1 SPLITTING OF LONG RANGE ELECTROSTATICS
Info: PLACING ATOMS IN PATCHES BY HYDROGEN GROUPS
Info: NONBONDED FORCES EVALUATED EVERY 2 STEPS
Info: RANDOM NUMBER SEED     1175903351
Info: USE HYDROGEN BONDS?    NO
Info: COORDINATE PDB         ../1_build/membrane_hex.pdb
Info: STRUCTURE FILE         ../1_build/membrane_hex.psf
Info: PARAMETER file: CHARMM format! 
Info: PARAMETERS             par_silicon_ions_NEW0.1.inp
Info: USING ARITHMETIC MEAN TO COMBINE L-J SIGMA PARAMETERS
Info: SUMMARY OF PARAMETERS:
Info: 11 BONDS
Info: 36 ANGLES
Info: 0 DIHEDRAL
Info: 0 IMPROPER
Info: 0 CROSSTERM
Info: 15 VDW
Info: 0 VDW_PAIRS
Info: ****************************
Info: STRUCTURE SUMMARY:
Info: 2268 ATOMS
Info: 3888 BONDS
Info: 9720 ANGLES
Info: 0 DIHEDRALS
Info: 0 IMPROPERS
Info: 0 CROSSTERMS
Info: 0 EXCLUSIONS
Info: 2268 CONSTRAINTS
Info: 6804 DEGREES OF FREEDOM
Info: 2268 HYDROGEN GROUPS
Info: TOTAL MASS = 45452.2 amu
Info: TOTAL CHARGE = 3.86238e-05 e
Info: *****************************
Info: Entering startup phase 0 with 8776 kB of memory in use.
Info: Entering startup phase 1 with 8776 kB of memory in use.
Info: Entering startup phase 2 with 8776 kB of memory in use.
Info: Entering startup phase 3 with 8776 kB of memory in use.
Info: PATCH GRID IS 1 (PERIODIC) BY 1 (PERIODIC) BY 1 (PERIODIC)
Info: REMOVING COM VELOCITY 0 0 0
Info: LARGEST PATCH (0) HAS 2268 ATOMS
Info: CREATING 322 COMPUTE OBJECTS
Info: Entering startup phase 4 with 8776 kB of memory in use.
Info: PME using 1 and 1 processors for FFT and reciprocal sum.
Info: PME GRID LOCATIONS: 0
Info: PME TRANS LOCATIONS: 0
Info: Optimizing 4 FFT steps.  1... 2... 3... 4...   Done.
Info: Entering startup phase 5 with 10256 kB of memory in use.
Info: Entering startup phase 6 with 10256 kB of memory in use.
Measuring processor speeds... Done.
Info: Entering startup phase 7 with 10256 kB of memory in use.
Info: CREATING 322 COMPUTE OBJECTS
Info: NONBONDED TABLE R-SQUARED SPACING: 0.0625
Info: NONBONDED TABLE SIZE: 769 POINTS
Info: Entering startup phase 8 with 10444 kB of memory in use.
Info: Finished startup with 10700 kB of memory in use.
REASSIGNING VELOCITIES AT STEP 0 TO 0 KELVIN.
ETITLE:      TS           BOND          ANGLE          DIHED          IMPRP               ELECT            VDW       BOUNDARY           MISC        KINETIC               TOTAL           TEMP         TOTAL2         TOTAL3        TEMPAVG            PRESSURE      GPRESSURE         VOLUME       PRESSAVG      GPRESSAVG

ENERGY:       0         2.6999         0.0351         0.0000         0.0000        -306660.5319      -968.2639         0.0000         0.0000         0.0000        -307626.0608         0.0000   -307622.2056   -307622.2056         0.0000        -111294.1110   -111294.1110     23485.4351   -111294.1110   -111294.1110

OPENING EXTENDED SYSTEM TRAJECTORY FILE
REASSIGNING VELOCITIES AT STEP 1 TO 1 KELVIN.
REASSIGNING VELOCITIES AT STEP 2 TO 2 KELVIN.
REASSIGNING VELOCITIES AT STEP 3 TO 3 KELVIN.
REASSIGNING VELOCITIES AT STEP 4 TO 4 KELVIN.
REASSIGNING VELOCITIES AT STEP 5 TO 5 KELVIN.
REASSIGNING VELOCITIES AT STEP 6 TO 6 KELVIN.
REASSIGNING VELOCITIES AT STEP 7 TO 7 KELVIN.
REASSIGNING VELOCITIES AT STEP 8 TO 8 KELVIN.
REASSIGNING VELOCITIES AT STEP 9 TO 9 KELVIN.
REASSIGNING VELOCITIES AT STEP 10 TO 10 KELVIN.
REASSIGNING VELOCITIES AT STEP 11 TO 11 KELVIN.
REASSIGNING VELOCITIES AT STEP 12 TO 12 KELVIN.
REASSIGNING VELOCITIES AT STEP 13 TO 13 KELVIN.
REASSIGNING VELOCITIES AT STEP 14 TO 14 KELVIN.
REASSIGNING VELOCITIES AT STEP 15 TO 15 KELVIN.
REASSIGNING VELOCITIES AT STEP 16 TO 16 KELVIN.
REASSIGNING VELOCITIES AT STEP 17 TO 17 KELVIN.
REASSIGNING VELOCITIES AT STEP 18 TO 18 KELVIN.
REASSIGNING VELOCITIES AT STEP 19 TO 19 KELVIN.
REASSIGNING VELOCITIES AT STEP 20 TO 20 KELVIN.
REASSIGNING VELOCITIES AT STEP 21 TO 21 KELVIN.
REASSIGNING VELOCITIES AT STEP 22 TO 22 KELVIN.
REASSIGNING VELOCITIES AT STEP 23 TO 23 KELVIN.
REASSIGNING VELOCITIES AT STEP 24 TO 24 KELVIN.
REASSIGNING VELOCITIES AT STEP 25 TO 25 KELVIN.
REASSIGNING VELOCITIES AT STEP 26 TO 26 KELVIN.
REASSIGNING VELOCITIES AT STEP 27 TO 27 KELVIN.
REASSIGNING VELOCITIES AT STEP 28 TO 28 KELVIN.
REASSIGNING VELOCITIES AT STEP 29 TO 29 KELVIN.
REASSIGNING VELOCITIES AT STEP 30 TO 30 KELVIN.
REASSIGNING VELOCITIES AT STEP 31 TO 31 KELVIN.
REASSIGNING VELOCITIES AT STEP 32 TO 32 KELVIN.
REASSIGNING VELOCITIES AT STEP 33 TO 33 KELVIN.
REASSIGNING VELOCITIES AT STEP 34 TO 34 KELVIN.
REASSIGNING VELOCITIES AT STEP 35 TO 35 KELVIN.
REASSIGNING VELOCITIES AT STEP 36 TO 36 KELVIN.
REASSIGNING VELOCITIES AT STEP 37 TO 37 KELVIN.
REASSIGNING VELOCITIES AT STEP 38 TO 38 KELVIN.
REASSIGNING VELOCITIES AT STEP 39 TO 39 KELVIN.
REASSIGNING VELOCITIES AT STEP 40 TO 40 KELVIN.
REASSIGNING VELOCITIES AT STEP 41 TO 41 KELVIN.
REASSIGNING VELOCITIES AT STEP 42 TO 42 KELVIN.
REASSIGNING VELOCITIES AT STEP 43 TO 43 KELVIN.
REASSIGNING VELOCITIES AT STEP 44 TO 44 KELVIN.
REASSIGNING VELOCITIES AT STEP 45 TO 45 KELVIN.
REASSIGNING VELOCITIES AT STEP 46 TO 46 KELVIN.
REASSIGNING VELOCITIES AT STEP 47 TO 47 KELVIN.
REASSIGNING VELOCITIES AT STEP 48 TO 48 KELVIN.
REASSIGNING VELOCITIES AT STEP 49 TO 49 KELVIN.
REASSIGNING VELOCITIES AT STEP 50 TO 50 KELVIN.
REASSIGNING VELOCITIES AT STEP 51 TO 51 KELVIN.
REASSIGNING VELOCITIES AT STEP 52 TO 52 KELVIN.
REASSIGNING VELOCITIES AT STEP 53 TO 53 KELVIN.
REASSIGNING VELOCITIES AT STEP 54 TO 54 KELVIN.
REASSIGNING VELOCITIES AT STEP 55 TO 55 KELVIN.
REASSIGNING VELOCITIES AT STEP 56 TO 56 KELVIN.
REASSIGNING VELOCITIES AT STEP 57 TO 57 KELVIN.
REASSIGNING VELOCITIES AT STEP 58 TO 58 KELVIN.
REASSIGNING VELOCITIES AT STEP 59 TO 59 KELVIN.
REASSIGNING VELOCITIES AT STEP 60 TO 60 KELVIN.
REASSIGNING VELOCITIES AT STEP 61 TO 61 KELVIN.
REASSIGNING VELOCITIES AT STEP 62 TO 62 KELVIN.
REASSIGNING VELOCITIES AT STEP 63 TO 63 KELVIN.
REASSIGNING VELOCITIES AT STEP 64 TO 64 KELVIN.
REASSIGNING VELOCITIES AT STEP 65 TO 65 KELVIN.
REASSIGNING VELOCITIES AT STEP 66 TO 66 KELVIN.
REASSIGNING VELOCITIES AT STEP 67 TO 67 KELVIN.
REASSIGNING VELOCITIES AT STEP 68 TO 68 KELVIN.
REASSIGNING VELOCITIES AT STEP 69 TO 69 KELVIN.
REASSIGNING VELOCITIES AT STEP 70 TO 70 KELVIN.
REASSIGNING VELOCITIES AT STEP 71 TO 71 KELVIN.
REASSIGNING VELOCITIES AT STEP 72 TO 72 KELVIN.
REASSIGNING VELOCITIES AT STEP 73 TO 73 KELVIN.
REASSIGNING VELOCITIES AT STEP 74 TO 74 KELVIN.
REASSIGNING VELOCITIES AT STEP 75 TO 75 KELVIN.
REASSIGNING VELOCITIES AT STEP 76 TO 76 KELVIN.
REASSIGNING VELOCITIES AT STEP 77 TO 77 KELVIN.
REASSIGNING VELOCITIES AT STEP 78 TO 78 KELVIN.
REASSIGNING VELOCITIES AT STEP 79 TO 79 KELVIN.
REASSIGNING VELOCITIES AT STEP 80 TO 80 KELVIN.
REASSIGNING VELOCITIES AT STEP 81 TO 81 KELVIN.
REASSIGNING VELOCITIES AT STEP 82 TO 82 KELVIN.
REASSIGNING VELOCITIES AT STEP 83 TO 83 KELVIN.
REASSIGNING VELOCITIES AT STEP 84 TO 84 KELVIN.
REASSIGNING VELOCITIES AT STEP 85 TO 85 KELVIN.
REASSIGNING VELOCITIES AT STEP 86 TO 86 KELVIN.
REASSIGNING VELOCITIES AT STEP 87 TO 87 KELVIN.
REASSIGNING VELOCITIES AT STEP 88 TO 88 KELVIN.
REASSIGNING VELOCITIES AT STEP 89 TO 89 KELVIN.
REASSIGNING VELOCITIES AT STEP 90 TO 90 KELVIN.
REASSIGNING VELOCITIES AT STEP 91 TO 91 KELVIN.
REASSIGNING VELOCITIES AT STEP 92 TO 92 KELVIN.
REASSIGNING VELOCITIES AT STEP 93 TO 93 KELVIN.
REASSIGNING VELOCITIES AT STEP 94 TO 94 KELVIN.
REASSIGNING VELOCITIES AT STEP 95 TO 95 KELVIN.
REASSIGNING VELOCITIES AT STEP 96 TO 96 KELVIN.
REASSIGNING VELOCITIES AT STEP 97 TO 97 KELVIN.
REASSIGNING VELOCITIES AT STEP 98 TO 98 KELVIN.
REASSIGNING VELOCITIES AT STEP 99 TO 99 KELVIN.
REASSIGNING VELOCITIES AT STEP 100 TO 100 KELVIN.
Info: Initial time: 1 CPUs 0.125234 s/step 1.44947 days/ns 23492 kB memory
TIMING: 100  CPU: 13.184, 0.122661/step  Wall: 13.7051, 0.126879/step, 0.0140976 hours remaining, 23492 kB of memory in use.
ENERGY:     100         2.8414         0.0379         0.0000         0.0000        -306751.6827     -1662.2682         2.5679         0.0000       670.6711        -307737.8327        99.2055   -307735.0904   -307741.1571        50.6513        -119769.9307   -119769.9307     23485.4351   -116212.4132   -116212.4132

WRITING EXTENDED SYSTEM TO RESTART FILE AT STEP 100
OPENING COORDINATE DCD FILE
WRITING COORDINATES TO DCD FILE AT STEP 100
WRITING COORDINATES TO RESTART FILE AT STEP 100
FINISHED WRITING RESTART COORDINATES
WRITING VELOCITIES TO RESTART FILE AT STEP 100
FINISHED WRITING RESTART VELOCITIES
REASSIGNING VELOCITIES AT STEP 101 TO 101 KELVIN.
REASSIGNING VELOCITIES AT STEP 102 TO 102 KELVIN.
REASSIGNING VELOCITIES AT STEP 103 TO 103 KELVIN.
REASSIGNING VELOCITIES AT STEP 104 TO 104 KELVIN.
REASSIGNING VELOCITIES AT STEP 105 TO 105 KELVIN.
REASSIGNING VELOCITIES AT STEP 106 TO 106 KELVIN.
REASSIGNING VELOCITIES AT STEP 107 TO 107 KELVIN.
REASSIGNING VELOCITIES AT STEP 108 TO 108 KELVIN.
REASSIGNING VELOCITIES AT STEP 109 TO 109 KELVIN.
REASSIGNING VELOCITIES AT STEP 110 TO 110 KELVIN.
REASSIGNING VELOCITIES AT STEP 111 TO 111 KELVIN.
REASSIGNING VELOCITIES AT STEP 112 TO 112 KELVIN.
REASSIGNING VELOCITIES AT STEP 113 TO 113 KELVIN.
REASSIGNING VELOCITIES AT STEP 114 TO 114 KELVIN.
REASSIGNING VELOCITIES AT STEP 115 TO 115 KELVIN.
REASSIGNING VELOCITIES AT STEP 116 TO 116 KELVIN.
REASSIGNING VELOCITIES AT STEP 117 TO 117 KELVIN.
REASSIGNING VELOCITIES AT STEP 118 TO 118 KELVIN.
REASSIGNING VELOCITIES AT STEP 119 TO 119 KELVIN.
REASSIGNING VELOCITIES AT STEP 120 TO 120 KELVIN.
REASSIGNING VELOCITIES AT STEP 121 TO 121 KELVIN.
REASSIGNING VELOCITIES AT STEP 122 TO 122 KELVIN.
REASSIGNING VELOCITIES AT STEP 123 TO 123 KELVIN.
REASSIGNING VELOCITIES AT STEP 124 TO 124 KELVIN.
REASSIGNING VELOCITIES AT STEP 125 TO 125 KELVIN.
REASSIGNING VELOCITIES AT STEP 126 TO 126 KELVIN.
REASSIGNING VELOCITIES AT STEP 127 TO 127 KELVIN.
REASSIGNING VELOCITIES AT STEP 128 TO 128 KELVIN.
REASSIGNING VELOCITIES AT STEP 129 TO 129 KELVIN.
REASSIGNING VELOCITIES AT STEP 130 TO 130 KELVIN.
REASSIGNING VELOCITIES AT STEP 131 TO 131 KELVIN.
REASSIGNING VELOCITIES AT STEP 132 TO 132 KELVIN.
REASSIGNING VELOCITIES AT STEP 133 TO 133 KELVIN.
REASSIGNING VELOCITIES AT STEP 134 TO 134 KELVIN.
REASSIGNING VELOCITIES AT STEP 135 TO 135 KELVIN.
REASSIGNING VELOCITIES AT STEP 136 TO 136 KELVIN.
REASSIGNING VELOCITIES AT STEP 137 TO 137 KELVIN.
REASSIGNING VELOCITIES AT STEP 138 TO 138 KELVIN.
REASSIGNING VELOCITIES AT STEP 139 TO 139 KELVIN.
REASSIGNING VELOCITIES AT STEP 140 TO 140 KELVIN.
REASSIGNING VELOCITIES AT STEP 141 TO 141 KELVIN.
REASSIGNING VELOCITIES AT STEP 142 TO 142 KELVIN.
REASSIGNING VELOCITIES AT STEP 143 TO 143 KELVIN.
REASSIGNING VELOCITIES AT STEP 144 TO 144 KELVIN.
REASSIGNING VELOCITIES AT STEP 145 TO 145 KELVIN.
REASSIGNING VELOCITIES AT STEP 146 TO 146 KELVIN.
REASSIGNING VELOCITIES AT STEP 147 TO 147 KELVIN.
REASSIGNING VELOCITIES AT STEP 148 TO 148 KELVIN.
REASSIGNING VELOCITIES AT STEP 149 TO 149 KELVIN.
REASSIGNING VELOCITIES AT STEP 150 TO 150 KELVIN.
REASSIGNING VELOCITIES AT STEP 151 TO 151 KELVIN.
REASSIGNING VELOCITIES AT STEP 152 TO 152 KELVIN.
REASSIGNING VELOCITIES AT STEP 153 TO 153 KELVIN.
REASSIGNING VELOCITIES AT STEP 154 TO 154 KELVIN.
REASSIGNING VELOCITIES AT STEP 155 TO 155 KELVIN.
REASSIGNING VELOCITIES AT STEP 156 TO 156 KELVIN.
REASSIGNING VELOCITIES AT STEP 157 TO 157 KELVIN.
REASSIGNING VELOCITIES AT STEP 158 TO 158 KELVIN.
REASSIGNING VELOCITIES AT STEP 159 TO 159 KELVIN.
REASSIGNING VELOCITIES AT STEP 160 TO 160 KELVIN.
REASSIGNING VELOCITIES AT STEP 161 TO 161 KELVIN.
REASSIGNING VELOCITIES AT STEP 162 TO 162 KELVIN.
REASSIGNING VELOCITIES AT STEP 163 TO 163 KELVIN.
REASSIGNING VELOCITIES AT STEP 164 TO 164 KELVIN.
REASSIGNING VELOCITIES AT STEP 165 TO 165 KELVIN.
REASSIGNING VELOCITIES AT STEP 166 TO 166 KELVIN.
REASSIGNING VELOCITIES AT STEP 167 TO 167 KELVIN.
REASSIGNING VELOCITIES AT STEP 168 TO 168 KELVIN.
REASSIGNING VELOCITIES AT STEP 169 TO 169 KELVIN.
REASSIGNING VELOCITIES AT STEP 170 TO 170 KELVIN.
REASSIGNING VELOCITIES AT STEP 171 TO 171 KELVIN.
REASSIGNING VELOCITIES AT STEP 172 TO 172 KELVIN.
REASSIGNING VELOCITIES AT STEP 173 TO 173 KELVIN.
REASSIGNING VELOCITIES AT STEP 174 TO 174 KELVIN.
REASSIGNING VELOCITIES AT STEP 175 TO 175 KELVIN.
REASSIGNING VELOCITIES AT STEP 176 TO 176 KELVIN.
REASSIGNING VELOCITIES AT STEP 177 TO 177 KELVIN.
REASSIGNING VELOCITIES AT STEP 178 TO 178 KELVIN.
REASSIGNING VELOCITIES AT STEP 179 TO 179 KELVIN.
REASSIGNING VELOCITIES AT STEP 180 TO 180 KELVIN.
REASSIGNING VELOCITIES AT STEP 181 TO 181 KELVIN.
REASSIGNING VELOCITIES AT STEP 182 TO 182 KELVIN.
REASSIGNING VELOCITIES AT STEP 183 TO 183 KELVIN.
REASSIGNING VELOCITIES AT STEP 184 TO 184 KELVIN.
REASSIGNING VELOCITIES AT STEP 185 TO 185 KELVIN.
REASSIGNING VELOCITIES AT STEP 186 TO 186 KELVIN.
REASSIGNING VELOCITIES AT STEP 187 TO 187 KELVIN.
REASSIGNING VELOCITIES AT STEP 188 TO 188 KELVIN.
REASSIGNING VELOCITIES AT STEP 189 TO 189 KELVIN.
REASSIGNING VELOCITIES AT STEP 190 TO 190 KELVIN.
REASSIGNING VELOCITIES AT STEP 191 TO 191 KELVIN.
REASSIGNING VELOCITIES AT STEP 192 TO 192 KELVIN.
REASSIGNING VELOCITIES AT STEP 193 TO 193 KELVIN.
REASSIGNING VELOCITIES AT STEP 194 TO 194 KELVIN.
REASSIGNING VELOCITIES AT STEP 195 TO 195 KELVIN.
REASSIGNING VELOCITIES AT STEP 196 TO 196 KELVIN.
REASSIGNING VELOCITIES AT STEP 197 TO 197 KELVIN.
REASSIGNING VELOCITIES AT STEP 198 TO 198 KELVIN.
REASSIGNING VELOCITIES AT STEP 199 TO 199 KELVIN.
REASSIGNING VELOCITIES AT STEP 200 TO 200 KELVIN.
Info: Initial time: 1 CPUs 0.123398 s/step 1.42822 days/ns 23916 kB memory
TIMING: 200  CPU: 25.2692, 0.120852/step  Wall: 26.2095, 0.125044/step, 0.0104203 hours remaining, 23916 kB of memory in use.
ENERGY:     200         3.2781         0.0490         0.0000         0.0000        -306822.4857     -1956.3196         9.0648         0.0000      1324.4202        -307441.9932       195.9079   -307439.7668   -307450.4406       150.4868        -122860.0895   -122860.0895     23485.4351   -121649.5450   -121649.5450

WRITING EXTENDED SYSTEM TO RESTART FILE AT STEP 200
WRITING COORDINATES TO DCD FILE AT STEP 200
WRITING COORDINATES TO RESTART FILE AT STEP 200
FINISHED WRITING RESTART COORDINATES
WRITING VELOCITIES TO RESTART FILE AT STEP 200
FINISHED WRITING RESTART VELOCITIES
REASSIGNING VELOCITIES AT STEP 201 TO 201 KELVIN.
REASSIGNING VELOCITIES AT STEP 202 TO 202 KELVIN.
REASSIGNING VELOCITIES AT STEP 203 TO 203 KELVIN.
REASSIGNING VELOCITIES AT STEP 204 TO 204 KELVIN.
REASSIGNING VELOCITIES AT STEP 205 TO 205 KELVIN.
REASSIGNING VELOCITIES AT STEP 206 TO 206 KELVIN.
REASSIGNING VELOCITIES AT STEP 207 TO 207 KELVIN.
REASSIGNING VELOCITIES AT STEP 208 TO 208 KELVIN.
REASSIGNING VELOCITIES AT STEP 209 TO 209 KELVIN.
REASSIGNING VELOCITIES AT STEP 210 TO 210 KELVIN.
REASSIGNING VELOCITIES AT STEP 211 TO 211 KELVIN.
REASSIGNING VELOCITIES AT STEP 212 TO 212 KELVIN.
REASSIGNING VELOCITIES AT STEP 213 TO 213 KELVIN.
REASSIGNING VELOCITIES AT STEP 214 TO 214 KELVIN.
REASSIGNING VELOCITIES AT STEP 215 TO 215 KELVIN.
REASSIGNING VELOCITIES AT STEP 216 TO 216 KELVIN.
REASSIGNING VELOCITIES AT STEP 217 TO 217 KELVIN.
REASSIGNING VELOCITIES AT STEP 218 TO 218 KELVIN.
REASSIGNING VELOCITIES AT STEP 219 TO 219 KELVIN.
REASSIGNING VELOCITIES AT STEP 220 TO 220 KELVIN.
REASSIGNING VELOCITIES AT STEP 221 TO 221 KELVIN.
REASSIGNING VELOCITIES AT STEP 222 TO 222 KELVIN.
REASSIGNING VELOCITIES AT STEP 223 TO 223 KELVIN.
REASSIGNING VELOCITIES AT STEP 224 TO 224 KELVIN.
REASSIGNING VELOCITIES AT STEP 225 TO 225 KELVIN.
REASSIGNING VELOCITIES AT STEP 226 TO 226 KELVIN.
REASSIGNING VELOCITIES AT STEP 227 TO 227 KELVIN.
REASSIGNING VELOCITIES AT STEP 228 TO 228 KELVIN.
REASSIGNING VELOCITIES AT STEP 229 TO 229 KELVIN.
REASSIGNING VELOCITIES AT STEP 230 TO 230 KELVIN.
REASSIGNING VELOCITIES AT STEP 231 TO 231 KELVIN.
REASSIGNING VELOCITIES AT STEP 232 TO 232 KELVIN.
REASSIGNING VELOCITIES AT STEP 233 TO 233 KELVIN.
REASSIGNING VELOCITIES AT STEP 234 TO 234 KELVIN.
REASSIGNING VELOCITIES AT STEP 235 TO 235 KELVIN.
REASSIGNING VELOCITIES AT STEP 236 TO 236 KELVIN.
REASSIGNING VELOCITIES AT STEP 237 TO 237 KELVIN.
REASSIGNING VELOCITIES AT STEP 238 TO 238 KELVIN.
REASSIGNING VELOCITIES AT STEP 239 TO 239 KELVIN.
REASSIGNING VELOCITIES AT STEP 240 TO 240 KELVIN.
REASSIGNING VELOCITIES AT STEP 241 TO 241 KELVIN.
REASSIGNING VELOCITIES AT STEP 242 TO 242 KELVIN.
REASSIGNING VELOCITIES AT STEP 243 TO 243 KELVIN.
REASSIGNING VELOCITIES AT STEP 244 TO 244 KELVIN.
REASSIGNING VELOCITIES AT STEP 245 TO 245 KELVIN.
REASSIGNING VELOCITIES AT STEP 246 TO 246 KELVIN.
REASSIGNING VELOCITIES AT STEP 247 TO 247 KELVIN.
REASSIGNING VELOCITIES AT STEP 248 TO 248 KELVIN.
REASSIGNING VELOCITIES AT STEP 249 TO 249 KELVIN.
REASSIGNING VELOCITIES AT STEP 250 TO 250 KELVIN.
REASSIGNING VELOCITIES AT STEP 251 TO 251 KELVIN.
REASSIGNING VELOCITIES AT STEP 252 TO 252 KELVIN.
REASSIGNING VELOCITIES AT STEP 253 TO 253 KELVIN.
REASSIGNING VELOCITIES AT STEP 254 TO 254 KELVIN.
REASSIGNING VELOCITIES AT STEP 255 TO 255 KELVIN.
REASSIGNING VELOCITIES AT STEP 256 TO 256 KELVIN.
REASSIGNING VELOCITIES AT STEP 257 TO 257 KELVIN.
REASSIGNING VELOCITIES AT STEP 258 TO 258 KELVIN.
REASSIGNING VELOCITIES AT STEP 259 TO 259 KELVIN.
REASSIGNING VELOCITIES AT STEP 260 TO 260 KELVIN.
REASSIGNING VELOCITIES AT STEP 261 TO 261 KELVIN.
REASSIGNING VELOCITIES AT STEP 262 TO 262 KELVIN.
REASSIGNING VELOCITIES AT STEP 263 TO 263 KELVIN.
REASSIGNING VELOCITIES AT STEP 264 TO 264 KELVIN.
REASSIGNING VELOCITIES AT STEP 265 TO 265 KELVIN.
REASSIGNING VELOCITIES AT STEP 266 TO 266 KELVIN.
REASSIGNING VELOCITIES AT STEP 267 TO 267 KELVIN.
REASSIGNING VELOCITIES AT STEP 268 TO 268 KELVIN.
REASSIGNING VELOCITIES AT STEP 269 TO 269 KELVIN.
REASSIGNING VELOCITIES AT STEP 270 TO 270 KELVIN.
REASSIGNING VELOCITIES AT STEP 271 TO 271 KELVIN.
REASSIGNING VELOCITIES AT STEP 272 TO 272 KELVIN.
REASSIGNING VELOCITIES AT STEP 273 TO 273 KELVIN.
REASSIGNING VELOCITIES AT STEP 274 TO 274 KELVIN.
REASSIGNING VELOCITIES AT STEP 275 TO 275 KELVIN.
REASSIGNING VELOCITIES AT STEP 276 TO 276 KELVIN.
REASSIGNING VELOCITIES AT STEP 277 TO 277 KELVIN.
REASSIGNING VELOCITIES AT STEP 278 TO 278 KELVIN.
REASSIGNING VELOCITIES AT STEP 279 TO 279 KELVIN.
REASSIGNING VELOCITIES AT STEP 280 TO 280 KELVIN.
REASSIGNING VELOCITIES AT STEP 281 TO 281 KELVIN.
REASSIGNING VELOCITIES AT STEP 282 TO 282 KELVIN.
REASSIGNING VELOCITIES AT STEP 283 TO 283 KELVIN.
REASSIGNING VELOCITIES AT STEP 284 TO 284 KELVIN.
REASSIGNING VELOCITIES AT STEP 285 TO 285 KELVIN.
REASSIGNING VELOCITIES AT STEP 286 TO 286 KELVIN.
REASSIGNING VELOCITIES AT STEP 287 TO 287 KELVIN.
REASSIGNING VELOCITIES AT STEP 288 TO 288 KELVIN.
REASSIGNING VELOCITIES AT STEP 289 TO 289 KELVIN.
REASSIGNING VELOCITIES AT STEP 290 TO 290 KELVIN.
REASSIGNING VELOCITIES AT STEP 291 TO 291 KELVIN.
REASSIGNING VELOCITIES AT STEP 292 TO 292 KELVIN.
REASSIGNING VELOCITIES AT STEP 293 TO 293 KELVIN.
REASSIGNING VELOCITIES AT STEP 294 TO 294 KELVIN.
REASSIGNING VELOCITIES AT STEP 295 TO 295 KELVIN.
REASSIGNING VELOCITIES AT STEP 296 TO 295 KELVIN.
REASSIGNING VELOCITIES AT STEP 297 TO 295 KELVIN.
REASSIGNING VELOCITIES AT STEP 298 TO 295 KELVIN.
REASSIGNING VELOCITIES AT STEP 299 TO 295 KELVIN.
REASSIGNING VELOCITIES AT STEP 300 TO 295 KELVIN.
Info: Initial time: 1 CPUs 0.12285 s/step 1.42187 days/ns 24008 kB memory
TIMING: 300  CPU: 37.2733, 0.120042/step  Wall: 38.677, 0.124676/step, 0.00692642 hours remaining, 24008 kB of memory in use.
ENERGY:     300         4.0278         0.0673         0.0000         0.0000        -306879.8359     -2035.0591        18.3342         0.0000      1967.9055        -306924.5603       291.0920   -306927.1388   -306923.1922       249.8669        -123003.4514   -123003.4514     23485.4351   -123009.3781   -123009.3781

WRITING EXTENDED SYSTEM TO RESTART FILE AT STEP 300
WRITING COORDINATES TO DCD FILE AT STEP 300
WRITING COORDINATES TO RESTART FILE AT STEP 300
FINISHED WRITING RESTART COORDINATES
WRITING VELOCITIES TO RESTART FILE AT STEP 300
FINISHED WRITING RESTART VELOCITIES
REASSIGNING VELOCITIES AT STEP 301 TO 295 KELVIN.
REASSIGNING VELOCITIES AT STEP 302 TO 295 KELVIN.
REASSIGNING VELOCITIES AT STEP 303 TO 295 KELVIN.
REASSIGNING VELOCITIES AT STEP 304 TO 295 KELVIN.
REASSIGNING VELOCITIES AT STEP 305 TO 295 KELVIN.
REASSIGNING VELOCITIES AT STEP 306 TO 295 KELVIN.
REASSIGNING VELOCITIES AT STEP 307 TO 295 KELVIN.
REASSIGNING VELOCITIES AT STEP 308 TO 295 KELVIN.
REASSIGNING VELOCITIES AT STEP 309 TO 295 KELVIN.
REASSIGNING VELOCITIES AT STEP 310 TO 295 KELVIN.
REASSIGNING VELOCITIES AT STEP 311 TO 295 KELVIN.
REASSIGNING VELOCITIES AT STEP 312 TO 295 KELVIN.
REASSIGNING VELOCITIES AT STEP 313 TO 295 KELVIN.
REASSIGNING VELOCITIES AT STEP 314 TO 295 KELVIN.
REASSIGNING VELOCITIES AT STEP 315 TO 295 KELVIN.
REASSIGNING VELOCITIES AT STEP 316 TO 295 KELVIN.
REASSIGNING VELOCITIES AT STEP 317 TO 295 KELVIN.
REASSIGNING VELOCITIES AT STEP 318 TO 295 KELVIN.
REASSIGNING VELOCITIES AT STEP 319 TO 295 KELVIN.
REASSIGNING VELOCITIES AT STEP 320 TO 295 KELVIN.
REASSIGNING VELOCITIES AT STEP 321 TO 295 KELVIN.
REASSIGNING VELOCITIES AT STEP 322 TO 295 KELVIN.
REASSIGNING VELOCITIES AT STEP 323 TO 295 KELVIN.
REASSIGNING VELOCITIES AT STEP 324 TO 295 KELVIN.
REASSIGNING VELOCITIES AT STEP 325 TO 295 KELVIN.
REASSIGNING VELOCITIES AT STEP 326 TO 295 KELVIN.
REASSIGNING VELOCITIES AT STEP 327 TO 295 KELVIN.
REASSIGNING VELOCITIES AT STEP 328 TO 295 KELVIN.
REASSIGNING VELOCITIES AT STEP 329 TO 295 KELVIN.
REASSIGNING VELOCITIES AT STEP 330 TO 295 KELVIN.
REASSIGNING VELOCITIES AT STEP 331 TO 295 KELVIN.
REASSIGNING VELOCITIES AT STEP 332 TO 295 KELVIN.
REASSIGNING VELOCITIES AT STEP 333 TO 295 KELVIN.
REASSIGNING VELOCITIES AT STEP 334 TO 295 KELVIN.
REASSIGNING VELOCITIES AT STEP 335 TO 295 KELVIN.
REASSIGNING VELOCITIES AT STEP 336 TO 295 KELVIN.
REASSIGNING VELOCITIES AT STEP 337 TO 295 KELVIN.
REASSIGNING VELOCITIES AT STEP 338 TO 295 KELVIN.
REASSIGNING VELOCITIES AT STEP 339 TO 295 KELVIN.
REASSIGNING VELOCITIES AT STEP 340 TO 295 KELVIN.
REASSIGNING VELOCITIES AT STEP 341 TO 295 KELVIN.
REASSIGNING VELOCITIES AT STEP 342 TO 295 KELVIN.
REASSIGNING VELOCITIES AT STEP 343 TO 295 KELVIN.
REASSIGNING VELOCITIES AT STEP 344 TO 295 KELVIN.
REASSIGNING VELOCITIES AT STEP 345 TO 295 KELVIN.
REASSIGNING VELOCITIES AT STEP 346 TO 295 KELVIN.
REASSIGNING VELOCITIES AT STEP 347 TO 295 KELVIN.
REASSIGNING VELOCITIES AT STEP 348 TO 295 KELVIN.
REASSIGNING VELOCITIES AT STEP 349 TO 295 KELVIN.
REASSIGNING VELOCITIES AT STEP 350 TO 295 KELVIN.
REASSIGNING VELOCITIES AT STEP 351 TO 295 KELVIN.
REASSIGNING VELOCITIES AT STEP 352 TO 295 KELVIN.
REASSIGNING VELOCITIES AT STEP 353 TO 295 KELVIN.
REASSIGNING VELOCITIES AT STEP 354 TO 295 KELVIN.
REASSIGNING VELOCITIES AT STEP 355 TO 295 KELVIN.
REASSIGNING VELOCITIES AT STEP 356 TO 295 KELVIN.
REASSIGNING VELOCITIES AT STEP 357 TO 295 KELVIN.
REASSIGNING VELOCITIES AT STEP 358 TO 295 KELVIN.
REASSIGNING VELOCITIES AT STEP 359 TO 295 KELVIN.
REASSIGNING VELOCITIES AT STEP 360 TO 295 KELVIN.
REASSIGNING VELOCITIES AT STEP 361 TO 295 KELVIN.
REASSIGNING VELOCITIES AT STEP 362 TO 295 KELVIN.
REASSIGNING VELOCITIES AT STEP 363 TO 295 KELVIN.
REASSIGNING VELOCITIES AT STEP 364 TO 295 KELVIN.
REASSIGNING VELOCITIES AT STEP 365 TO 295 KELVIN.
REASSIGNING VELOCITIES AT STEP 366 TO 295 KELVIN.
REASSIGNING VELOCITIES AT STEP 367 TO 295 KELVIN.
REASSIGNING VELOCITIES AT STEP 368 TO 295 KELVIN.
REASSIGNING VELOCITIES AT STEP 369 TO 295 KELVIN.
REASSIGNING VELOCITIES AT STEP 370 TO 295 KELVIN.
REASSIGNING VELOCITIES AT STEP 371 TO 295 KELVIN.
REASSIGNING VELOCITIES AT STEP 372 TO 295 KELVIN.
REASSIGNING VELOCITIES AT STEP 373 TO 295 KELVIN.
REASSIGNING VELOCITIES AT STEP 374 TO 295 KELVIN.
REASSIGNING VELOCITIES AT STEP 375 TO 295 KELVIN.
REASSIGNING VELOCITIES AT STEP 376 TO 295 KELVIN.
REASSIGNING VELOCITIES AT STEP 377 TO 295 KELVIN.
REASSIGNING VELOCITIES AT STEP 378 TO 295 KELVIN.
REASSIGNING VELOCITIES AT STEP 379 TO 295 KELVIN.
REASSIGNING VELOCITIES AT STEP 380 TO 295 KELVIN.
REASSIGNING VELOCITIES AT STEP 381 TO 295 KELVIN.
REASSIGNING VELOCITIES AT STEP 382 TO 295 KELVIN.
REASSIGNING VELOCITIES AT STEP 383 TO 295 KELVIN.
REASSIGNING VELOCITIES AT STEP 384 TO 295 KELVIN.
REASSIGNING VELOCITIES AT STEP 385 TO 295 KELVIN.
REASSIGNING VELOCITIES AT STEP 386 TO 295 KELVIN.
REASSIGNING VELOCITIES AT STEP 387 TO 295 KELVIN.
REASSIGNING VELOCITIES AT STEP 388 TO 295 KELVIN.
REASSIGNING VELOCITIES AT STEP 389 TO 295 KELVIN.
REASSIGNING VELOCITIES AT STEP 390 TO 295 KELVIN.
REASSIGNING VELOCITIES AT STEP 391 TO 295 KELVIN.
REASSIGNING VELOCITIES AT STEP 392 TO 295 KELVIN.
REASSIGNING VELOCITIES AT STEP 393 TO 295 KELVIN.
REASSIGNING VELOCITIES AT STEP 394 TO 295 KELVIN.
REASSIGNING VELOCITIES AT STEP 395 TO 295 KELVIN.
REASSIGNING VELOCITIES AT STEP 396 TO 295 KELVIN.
REASSIGNING VELOCITIES AT STEP 397 TO 295 KELVIN.
REASSIGNING VELOCITIES AT STEP 398 TO 295 KELVIN.
REASSIGNING VELOCITIES AT STEP 399 TO 295 KELVIN.
REASSIGNING VELOCITIES AT STEP 400 TO 295 KELVIN.
Info: Benchmark time: 1 CPUs 0.112998 s/step 1.30785 days/ns 24064 kB memory
TIMING: 400  CPU: 48.2797, 0.110063/step  Wall: 50.1414, 0.114644/step, 0.00318456 hours remaining, 24064 kB of memory in use.
ENERGY:     400         4.8025         0.0856         0.0000         0.0000        -306925.6444     -2054.7554        28.4301         0.0000      1939.1908        -307007.8909       286.8446   -307005.8578   -307014.9928       295.7661        -123658.5544   -123658.5544     23485.4351   -123381.6777   -123381.6777

WRITING EXTENDED SYSTEM TO RESTART FILE AT STEP 400
WRITING COORDINATES TO DCD FILE AT STEP 400
WRITING COORDINATES TO RESTART FILE AT STEP 400
FINISHED WRITING RESTART COORDINATES
WRITING VELOCITIES TO RESTART FILE AT STEP 400
FINISHED WRITING RESTART VELOCITIES
REASSIGNING VELOCITIES AT STEP 401 TO 295 KELVIN.
REASSIGNING VELOCITIES AT STEP 402 TO 295 KELVIN.
REASSIGNING VELOCITIES AT STEP 403 TO 295 KELVIN.
REASSIGNING VELOCITIES AT STEP 404 TO 295 KELVIN.
REASSIGNING VELOCITIES AT STEP 405 TO 295 KELVIN.
REASSIGNING VELOCITIES AT STEP 406 TO 295 KELVIN.
REASSIGNING VELOCITIES AT STEP 407 TO 295 KELVIN.
REASSIGNING VELOCITIES AT STEP 408 TO 295 KELVIN.
REASSIGNING VELOCITIES AT STEP 409 TO 295 KELVIN.
REASSIGNING VELOCITIES AT STEP 410 TO 295 KELVIN.
REASSIGNING VELOCITIES AT STEP 411 TO 295 KELVIN.
REASSIGNING VELOCITIES AT STEP 412 TO 295 KELVIN.
REASSIGNING VELOCITIES AT STEP 413 TO 295 KELVIN.
REASSIGNING VELOCITIES AT STEP 414 TO 295 KELVIN.
REASSIGNING VELOCITIES AT STEP 415 TO 295 KELVIN.
REASSIGNING VELOCITIES AT STEP 416 TO 295 KELVIN.
REASSIGNING VELOCITIES AT STEP 417 TO 295 KELVIN.
REASSIGNING VELOCITIES AT STEP 418 TO 295 KELVIN.
REASSIGNING VELOCITIES AT STEP 419 TO 295 KELVIN.
REASSIGNING VELOCITIES AT STEP 420 TO 295 KELVIN.
REASSIGNING VELOCITIES AT STEP 421 TO 295 KELVIN.
REASSIGNING VELOCITIES AT STEP 422 TO 295 KELVIN.
REASSIGNING VELOCITIES AT STEP 423 TO 295 KELVIN.
REASSIGNING VELOCITIES AT STEP 424 TO 295 KELVIN.
REASSIGNING VELOCITIES AT STEP 425 TO 295 KELVIN.
REASSIGNING VELOCITIES AT STEP 426 TO 295 KELVIN.
REASSIGNING VELOCITIES AT STEP 427 TO 295 KELVIN.
REASSIGNING VELOCITIES AT STEP 428 TO 295 KELVIN.
REASSIGNING VELOCITIES AT STEP 429 TO 295 KELVIN.
REASSIGNING VELOCITIES AT STEP 430 TO 295 KELVIN.
REASSIGNING VELOCITIES AT STEP 431 TO 295 KELVIN.
REASSIGNING VELOCITIES AT STEP 432 TO 295 KELVIN.
REASSIGNING VELOCITIES AT STEP 433 TO 295 KELVIN.
REASSIGNING VELOCITIES AT STEP 434 TO 295 KELVIN.
REASSIGNING VELOCITIES AT STEP 435 TO 295 KELVIN.
REASSIGNING VELOCITIES AT STEP 436 TO 295 KELVIN.
REASSIGNING VELOCITIES AT STEP 437 TO 295 KELVIN.
REASSIGNING VELOCITIES AT STEP 438 TO 295 KELVIN.
REASSIGNING VELOCITIES AT STEP 439 TO 295 KELVIN.
REASSIGNING VELOCITIES AT STEP 440 TO 295 KELVIN.
REASSIGNING VELOCITIES AT STEP 441 TO 295 KELVIN.
REASSIGNING VELOCITIES AT STEP 442 TO 295 KELVIN.
REASSIGNING VELOCITIES AT STEP 443 TO 295 KELVIN.
REASSIGNING VELOCITIES AT STEP 444 TO 295 KELVIN.
REASSIGNING VELOCITIES AT STEP 445 TO 295 KELVIN.
REASSIGNING VELOCITIES AT STEP 446 TO 295 KELVIN.
REASSIGNING VELOCITIES AT STEP 447 TO 295 KELVIN.
REASSIGNING VELOCITIES AT STEP 448 TO 295 KELVIN.
REASSIGNING VELOCITIES AT STEP 449 TO 295 KELVIN.
REASSIGNING VELOCITIES AT STEP 450 TO 295 KELVIN.
REASSIGNING VELOCITIES AT STEP 451 TO 295 KELVIN.
REASSIGNING VELOCITIES AT STEP 452 TO 295 KELVIN.
REASSIGNING VELOCITIES AT STEP 453 TO 295 KELVIN.
REASSIGNING VELOCITIES AT STEP 454 TO 295 KELVIN.
REASSIGNING VELOCITIES AT STEP 455 TO 295 KELVIN.
REASSIGNING VELOCITIES AT STEP 456 TO 295 KELVIN.
REASSIGNING VELOCITIES AT STEP 457 TO 295 KELVIN.
REASSIGNING VELOCITIES AT STEP 458 TO 295 KELVIN.
REASSIGNING VELOCITIES AT STEP 459 TO 295 KELVIN.
REASSIGNING VELOCITIES AT STEP 460 TO 295 KELVIN.
REASSIGNING VELOCITIES AT STEP 461 TO 295 KELVIN.
REASSIGNING VELOCITIES AT STEP 462 TO 295 KELVIN.
REASSIGNING VELOCITIES AT STEP 463 TO 295 KELVIN.
REASSIGNING VELOCITIES AT STEP 464 TO 295 KELVIN.
REASSIGNING VELOCITIES AT STEP 465 TO 295 KELVIN.
REASSIGNING VELOCITIES AT STEP 466 TO 295 KELVIN.
REASSIGNING VELOCITIES AT STEP 467 TO 295 KELVIN.
REASSIGNING VELOCITIES AT STEP 468 TO 295 KELVIN.
REASSIGNING VELOCITIES AT STEP 469 TO 295 KELVIN.
REASSIGNING VELOCITIES AT STEP 470 TO 295 KELVIN.
REASSIGNING VELOCITIES AT STEP 471 TO 295 KELVIN.
REASSIGNING VELOCITIES AT STEP 472 TO 295 KELVIN.
REASSIGNING VELOCITIES AT STEP 473 TO 295 KELVIN.
REASSIGNING VELOCITIES AT STEP 474 TO 295 KELVIN.
REASSIGNING VELOCITIES AT STEP 475 TO 295 KELVIN.
REASSIGNING VELOCITIES AT STEP 476 TO 295 KELVIN.
REASSIGNING VELOCITIES AT STEP 477 TO 295 KELVIN.
REASSIGNING VELOCITIES AT STEP 478 TO 295 KELVIN.
REASSIGNING VELOCITIES AT STEP 479 TO 295 KELVIN.
REASSIGNING VELOCITIES AT STEP 480 TO 295 KELVIN.
REASSIGNING VELOCITIES AT STEP 481 TO 295 KELVIN.
REASSIGNING VELOCITIES AT STEP 482 TO 295 KELVIN.
REASSIGNING VELOCITIES AT STEP 483 TO 295 KELVIN.
REASSIGNING VELOCITIES AT STEP 484 TO 295 KELVIN.
REASSIGNING VELOCITIES AT STEP 485 TO 295 KELVIN.
REASSIGNING VELOCITIES AT STEP 486 TO 295 KELVIN.
REASSIGNING VELOCITIES AT STEP 487 TO 295 KELVIN.
REASSIGNING VELOCITIES AT STEP 488 TO 295 KELVIN.
REASSIGNING VELOCITIES AT STEP 489 TO 295 KELVIN.
REASSIGNING VELOCITIES AT STEP 490 TO 295 KELVIN.
REASSIGNING VELOCITIES AT STEP 491 TO 295 KELVIN.
REASSIGNING VELOCITIES AT STEP 492 TO 295 KELVIN.
REASSIGNING VELOCITIES AT STEP 493 TO 295 KELVIN.
REASSIGNING VELOCITIES AT STEP 494 TO 295 KELVIN.
REASSIGNING VELOCITIES AT STEP 495 TO 295 KELVIN.
REASSIGNING VELOCITIES AT STEP 496 TO 295 KELVIN.
REASSIGNING VELOCITIES AT STEP 497 TO 295 KELVIN.
REASSIGNING VELOCITIES AT STEP 498 TO 295 KELVIN.
REASSIGNING VELOCITIES AT STEP 499 TO 295 KELVIN.
REASSIGNING VELOCITIES AT STEP 500 TO 295 KELVIN.
Info: Benchmark time: 1 CPUs 0.114121 s/step 1.32085 days/ns 24092 kB memory
TIMING: 500  CPU: 59.489, 0.112093/step  Wall: 61.5536, 0.114122/step, 0 hours remaining, 24092 kB of memory in use.
ENERGY:     500         5.6090         0.1027         0.0000         0.0000        -306965.1853     -2069.1555        37.0337         0.0000      2015.4851        -306976.1103       298.1300   -306978.3942   -306973.6199       295.1648        -123924.1933   -123924.1933     23485.4351   -123699.3717   -123699.3717

WRITING EXTENDED SYSTEM TO RESTART FILE AT STEP 500
WRITING COORDINATES TO DCD FILE AT STEP 500
WRITING COORDINATES TO RESTART FILE AT STEP 500
FINISHED WRITING RESTART COORDINATES
WRITING VELOCITIES TO RESTART FILE AT STEP 500
FINISHED WRITING RESTART VELOCITIES
WRITING EXTENDED SYSTEM TO OUTPUT FILE AT STEP 500
CLOSING EXTENDED SYSTEM TRAJECTORY FILE
WRITING COORDINATES TO OUTPUT FILE AT STEP 500
CLOSING COORDINATE DCD FILE
WRITING VELOCITIES TO OUTPUT FILE AT STEP 500
==========================================
WallClock: 84.106110  CPUTime: 81.213654  Memory: 24092 kB
